<?xml version="1.0" encoding="UTF-8"?>
<!-- Generated by org.testng.reporters.JUnitReportReporter -->
<testsuite hostname="DESKTOP-1QSMOD4" failures="0" tests="1" name="Scripts.FeedBackTest" time="30.930" errors="0" timestamp="2023-10-11T15:04:29 IST" skipped="0">
  <testcase classname="Scripts.FeedBackTest" name="feedBackTest" time="30.930"/>
</testsuite> <!-- Scripts.FeedBackTest -->
