<?xml version="1.0" encoding="UTF-8"?>
<!-- Generated by org.testng.reporters.JUnitReportReporter -->
<testsuite hostname="DESKTOP-1QSMOD4" failures="0" tests="1" name="Scripts.TestCase2" time="43.851" errors="0" timestamp="2023-10-11T15:28:09 IST" skipped="0">
  <testcase classname="Scripts.TestCase2" name="tc2" time="43.851"/>
</testsuite> <!-- Scripts.TestCase2 -->
